-0.244175   0.203158   -0.355232
0.456416   0.16054   0.29529
-0.422749   0.0819844   0.276891
-0.306604   0.342562   -0.471284
0.0568319   0.104621   0.213344
-0.114386   -0.456173   0.455295
0.418434   -0.324398   -0.146752
-0.328212   -0.424882   0.12055
0.473638   0.179005   -0.374052
0.100193   0.390975   -0.449958
0.334151   -0.37814   -0.492472
-0.212573   0.272903   0.432142
0.259304   0.229233   -0.40862
0.137818   -0.0780628   -0.202259
0.314964   0.466259   0.318837
-0.109587   0.458963   -0.260708
-0.0373657   -0.163772   0.125626
0.173283   0.378217   -0.371409
-0.0699871   -0.19101   0.204555
-0.207437   0.278965   0.277568
-0.147467   0.22236   0.0658821
-0.270169   0.344177   0.398735
-0.316454   -0.276457   -0.302345
-0.297352   -0.0915232   0.104407
0.35166   -0.390513   -0.167368
0.313148   0.0789412   0.256688
-0.46533   0.118585   0.342709
0.32405   0.113322   -0.156919
0.485546   0.183276   -0.231382
0.496698   0.365187   -0.167782
-0.0639282   0.413507   -0.309026
0.201847   -0.340287   -0.370774
-0.295589   0.411961   -0.39187
0.0155084   -0.0828272   -0.494219
0.082939   -0.273877   -0.191114
0.0700587   -0.222445   0.453642
-0.331919   -0.169303   -0.112752
-0.489766   -0.157296   0.459685
0.359154   -0.0912062   0.281379
-0.214726   0.0600483   0.138176
-0.430865   -0.406503   -0.0696835
0.482181   0.367348   0.0213637
0.458712   -0.070214   0.288079
0.0108741   -0.000128392   -0.307724
0.311922   0.3605   -0.390411
0.0469939   0.33421   -0.0349177
-0.38271   -0.459758   0.0215317
0.0459637   -0.249167   -0.473788
0.459546   0.288696   -0.41329
0.102897   -0.436002   -0.133618
-0.186285   0.0848235   0.270638
-0.323294   0.0652153   0.436125
-0.0987419   0.370432   -0.219267
-0.446555   -0.251756   0.367196
0.469993   0.0830194   -0.374827
0.1884   0.315079   -0.163266
-0.42353   0.0604448   0.17495
0.0514971   -0.20086   -0.183811
-0.12552   0.280025   -0.281421
-0.134559   0.0857061   -0.339963
0.0929251   0.174241   0.292881
-0.120678   -0.148916   0.156888
-0.0891956   0.494194   -0.329094
0.446836   -0.381485   -0.103222
0.146444   0.0788142   0.164948
-0.161972   0.205219   -0.325637
0.0075274   0.366404   0.141755
0.025724   0.408352   -0.125259
-0.224202   -0.0315919   0.195395
0.0674581   -0.13741   0.4207
-0.342372   0.279039   -0.426791
0.140188   -0.278341   -0.275466
-0.138219   -0.439697   -0.291714
-0.237195   0.329076   0.480573
0.283785   -0.418908   0.394913
0.311109   -0.015256   -0.00269898
0.255341   0.27866   0.137985
0.343687   0.0533162   -0.265937
-0.437271   0.413093   -0.241374
0.400586   0.0889622   -0.144026
0.0753829   -0.14926   -0.494069
0.438673   -0.248129   0.254891
-0.175151   0.329956   0.197799
0.0328621   0.198581   -0.187961
-0.243376   -0.181836   0.209919
-0.138659   -0.248557   -0.38895
-0.199595   -0.0771925   -0.43864
-0.494932   0.262175   0.270799
0.433064   -0.497822   -0.497252
0.314558   0.426991   -0.0805339
0.366985   0.0960442   -0.336712
-0.4399   0.0857153   -0.0642823
-0.225905   -0.249893   -0.0461545
-0.261313   -0.308228   -0.259292
-0.240985   -0.0522466   -0.120332
0.422373   -0.23722   -0.214073
-0.0229382   0.137777   -0.0142501
0.43323   0.0214842   -0.0281719
0.473364   -0.252327   -0.0893879
0.224827   -0.419653   0.0850642
0.443369   -0.148284   0.307087
-0.442069   -0.428606   0.310586
0.0597465   0.374053   0.0777728
-0.444519   0.328826   0.495453
-0.269095   0.494001   0.253073
-0.20454   0.280161   -0.336524
0.10315   0.390658   -0.105361
-0.312398   0.25734   -0.354745
