0.279979   -0.239076   -0.143324
-0.236101   -0.352717   0.456796
0.228517   0.325319   -0.39697
0.289269   -0.156199   -0.162938
0.0139454   -0.442974   -0.461856
0.246102   0.185282   -0.379111
0.498253   -0.482933   0.0887438
-0.129171   -0.29623   0.300499
-0.14229   0.148948   0.451827
0.170483   0.433431   -0.420554
0.0550974   -0.0173139   -0.404784
-0.379774   -0.112491   -0.0522809
-0.282838   -0.13307   -0.321702
0.135494   -0.215725   0.296517
0.245964   0.0656513   -0.367559
-0.0897811   -0.260477   0.482479
0.293067   0.257563   0.467592
-0.386086   -0.254675   -0.0553779
0.395521   -0.227956   -0.46329
0.261361   -0.474606   0.0828375
-0.334547   -0.0584777   0.0604878
0.323485   0.400391   0.0649777
-0.0165357   0.349648   0.396734
0.452752   0.113567   -0.22788
0.287435   -0.235433   -0.495556
-0.107347   -0.436797   0.434156
0.271468   0.322693   0.0250496
0.194155   -0.236523   0.346532
-0.0102879   -0.410582   -0.216205
0.244222   0.293265   -0.22493
0.414557   -0.49814   0.263621
0.171958   0.245879   0.440819
-0.357441   0.149357   0.468909
0.00913219   0.459597   -0.458034
0.310015   0.470412   0.4278
-0.428443   -0.24348   0.217152
-0.0966576   0.11244   -0.250764
-0.214355   -0.326922   0.059901
-0.45333   0.239825   -0.216536
-0.32951   -0.228258   -0.482085
0.0749284   -0.475697   0.371851
0.0315814   -0.218789   0.139206
0.0409066   -0.135722   0.410465
0.498289   0.154658   0.143483
0.489306   -0.359915   -0.272191
-0.30001   0.235142   0.161856
-0.299169   -0.478806   -0.023739
-0.347007   -0.197259   0.222887
0.269623   0.403122   -0.0982646
-0.442428   0.485701   0.385666
-0.391159   0.495823   0.129219
-0.284912   0.418467   0.233122
-0.0547138   -0.445847   -0.0172236
0.420368   0.432755   0.184221
0.172282   -0.231581   -0.0373032
0.448221   0.198399   -0.492967
-0.439498   -0.284078   -0.132059
0.472648   0.306635   -0.142546
-0.0127813   -0.0303353   -0.447338
0.325824   -0.22305   0.433103
-0.285582   -0.353278   0.395387
-0.175269   0.129893   -0.29406
-0.0227704   0.461706   0.179148
0.209321   0.343386   -0.128196
0.234396   0.23053   0.397618
0.214951   0.328526   0.258895
-0.208289   -0.0329777   -0.38949
0.18463   -0.376417   -0.0998928
0.477873   0.118059   -0.487094
-0.0698026   0.396088   0.127412
0.498664   -0.179472   0.263879
0.114575   0.291453   -0.236356
0.30195   0.300304   -0.343272
0.01135   -0.140476   -0.485532
0.219903   0.287652   -0.486305
0.216706   -0.0844014   -0.215254
0.423301   -0.47424   -0.474467
-0.378911   -0.250373   -0.296234
-0.0187762   -0.242787   -0.0210837
-0.0771312   0.158482   -0.117404
-0.014553   0.236115   0.0676075
-0.354374   0.197372   -0.43711
0.270531   0.201006   -0.219048
0.289554   -0.230877   0.0103407
0.021778   0.134734   0.443026
-0.410405   -0.206603   -0.38307
-0.326941   -0.302112   -0.209481
-0.166169   -0.391114   0.335224
-0.0437184   -0.0596906   -0.256294
-0.250606   0.34317   0.123715
0.202764   -0.389372   0.335859
-0.00410209   0.348084   0.0743495
0.263995   -0.082971   -0.280383
0.194273   -0.471409   -0.0213324
0.30185   -0.368668   -0.356212
0.211251   0.0844811   -0.302083
-0.379436   -0.465768   0.201895
-0.0304552   -0.113308   0.335426
0.259022   0.260079   0.265691
0.332062   -0.191083   -0.42176
0.0804887   -0.0623113   -0.170665
-0.436718   0.245681   0.137428
-0.31408   -0.396167   0.0241536
0.123707   -0.263282   0.471579
0.0583925   0.408453   -0.199362
-0.156112   -0.40994   -0.11527
0.227926   -0.0215134   -0.454098
-0.292256   -0.225267   -0.33221
