0.179858   -0.102972   -0.25462
0.00313836   -1.05766   0.981176
-0.808445   2.06367   -1.34828
0.0731609   1.0627   -0.809919
0.357369   0.499754   0.729572
0.893932   -0.974569   0.762349
0.167003   -0.551128   -0.0272423
-0.826599   -0.341006   -0.0786124
1.60601   0.18389   0.0757803
-1.76738   -0.747388   0.907768
0.282816   0.755694   0.316704
-0.333313   -0.070575   -0.793898
-0.297291   2.11762   0.06118
-0.547784   -0.343878   0.263217
-0.879556   0.245734   -2.2106
-0.491027   -0.464347   -0.652428
0.983718   0.316524   1.87177
1.13938   -0.433824   0.0952929
-0.345959   0.531193   -1.19587
-0.626954   -0.163135   -0.124056
-0.630425   -0.705998   0.933933
-0.661587   -1.65375   1.03471
-0.636847   -1.4163   -0.776336
-2.24374   -0.725674   -0.641379
-0.377618   -0.369537   1.06426
1.275   1.52431   -0.63879
-0.559172   1.1458   1.54735
1.70436   -0.559652   1.06454
-0.134088   0.784512   -2.14321
0.192676   0.216758   0.60643
-0.579762   -0.902966   -0.742712
-0.34599   -0.748015   1.00181
-2.34371   -1.22773   0.494491
-0.388662   0.0764467   1.36826
1.40867   0.718547   -0.791244
0.569884   -0.303487   -1.14808
0.555121   1.06235   -0.353144
0.723055   1.4491   1.01645
-1.21275   0.369213   0.679932
-1.21246   -1.57166   0.58442
-0.426486   -0.118781   -0.007507
-0.192746   -0.839146   0.167389
0.496236   0.354045   0.5344
1.36285   -0.831337   0.0730118
-0.966923   -0.443349   0.868303
2.1532   -0.635159   1.33776
-1.02521   1.05728   -1.63297
1.18891   -0.948266   -2.27268
-1.2602   1.64007   0.349384
-1.89748   0.589101   -0.522564
-0.236336   -1.66589   -0.974075
-0.892258   0.513818   1.30272
0.658269   0.529661   1.04161
-0.0609304   0.580787   0.25182
-1.4188   1.7355   -1.39211
1.5747   0.936882   -0.223269
1.06629   -0.210989   0.286975
1.25192   0.0822402   1.57132
2.73437   0.779763   1.55913
-0.241088   0.608117   0.823804
0.295779   -2.45062   -2.29443
-0.149316   -0.526203   2.61183
-0.761486   -0.351396   -2.13575
0.599467   -0.701759   -1.99922
0.837039   0.491802   0.433782
0.0709363   -0.444646   -0.410686
-1.45007   0.560499   -0.251184
0.937043   1.71621   -0.419665
0.508051   1.24967   -0.193838
1.00517   -0.626661   -0.135969
1.54669   -1.36168   1.70781
-0.646076   0.581496   1.34257
1.31963   1.25222   1.75455
1.01289   0.942956   1.38154
-0.554456   1.00017   -0.192334
1.03133   -1.11763   -0.310888
-2.79967   0.721468   -0.736948
-1.71262   -0.905719   -0.409039
-0.697652   -1.60206   -1.8807
0.033989   -0.726932   -0.560276
-1.10352   2.60692   -0.20122
-0.496109   -0.888725   1.02179
1.53396   -0.947919   1.02252
1.58869   -0.275075   0.829276
-1.06529   -0.997834   -0.891518
3.65244   0.0867762   -2.2684
-2.68112   0.100266   0.436857
-2.13954   -0.4849   -0.361976
2.30415   1.06054   -1.48419
-0.537117   -0.362515   0.506765
-0.687897   -2.05986   0.217412
-1.26185   -0.472099   -1.87209
-1.01284   -0.481365   -0.239585
0.677102   0.226849   -1.06111
-0.833459   1.2749   -0.552011
0.0791455   -0.985736   0.376303
1.01915   -0.610498   0.853192
-0.124062   -0.471996   -0.465869
-0.531613   0.360637   0.171116
-0.28666   0.545565   0.79505
1.06292   1.51802   -0.972674
2.57898   2.17158   0.526054
-0.525709   0.328476   0.666408
0.284961   0.549113   -0.0966503
-1.32983   -2.01187   -1.39016
2.04377   0.562814   0.334186
0.527092   -2.48655   0.459654
-0.894761   1.0404   0.466263
